<?xml version="1.0" encoding="UTF-8"?>
<!-- Generated by org.testng.reporters.JUnitXMLReporter -->
<testsuite ignored="0" hostname="DESKTOP-HGJAALQ" failures="1" tests="1" name="Signin" time="4.442" errors="0" timestamp="2024-06-04T16:13:33 IST">
  <testcase classname="TestCases.SigninTest" name="signin" time="1.081">
    <failure type="java.lang.AssertionError" message="expected [Dashboard] but found [Cloptify]">
      <![CDATA[java.lang.AssertionError: expected [Dashboard] but found [Cloptify]
at TestCases.SigninTest.signin(SigninTest.java:22)
at java.base/java.util.ArrayList.forEach(ArrayList.java:1597)
at java.base/java.util.concurrent.FutureTask.run(FutureTask.java:317)
at java.base/java.util.concurrent.ThreadPoolExecutor.runWorker(ThreadPoolExecutor.java:1144)
at java.base/java.util.concurrent.ThreadPoolExecutor$Worker.run(ThreadPoolExecutor.java:642)
at java.base/java.lang.Thread.run(Thread.java:1570)
... Removed 21 stack frames]]>
    </failure>
  </testcase> <!-- signin -->
</testsuite> <!-- Signin -->
